<?xml version="1.0" encoding="utf-8"?><testsuites><testsuite name="pytest" errors="0" failures="0" skipped="0" tests="3" time="3.219" timestamp="2024-07-27T06:12:14.563655" hostname="32b57498ff6e"><testcase classname="tests.test_prediction" name="test_single_pred_not_none" time="0.067" /><testcase classname="tests.test_prediction" name="test_single_pred_str_type" time="0.050" /><testcase classname="tests.test_prediction" name="test_single_pred_validate" time="0.048" /></testsuite></testsuites>